<?xml version="1.0" encoding="UTF-8"?>
<testng-results ignored="0" total="2" passed="2" failed="0" skipped="0">
  <reporter-output>
    <line>
      <![CDATA[Reading URL from property file]]>
    </line>
    <line>
      <![CDATA[Launching Browser]]>
    </line>
    <line>
      <![CDATA[Waiting for1000ms]]>
    </line>
    <line>
      <![CDATA[Clicking on sign in button]]>
    </line>
    <line>
      <![CDATA[Reading mobNum from property file]]>
    </line>
    <line>
      <![CDATA[Waiting for1000ms]]>
    </line>
    <line>
      <![CDATA[Entering mobile Number]]>
    </line>
    <line>
      <![CDATA[Waiting for1000ms]]>
    </line>
    <line>
      <![CDATA[Clicking on signIn button]]>
    </line>
    <line>
      <![CDATA[Waiting for2000ms]]>
    </line>
    <line>
      <![CDATA[Reading password from property file]]>
    </line>
    <line>
      <![CDATA[Waiting for3000ms]]>
    </line>
    <line>
      <![CDATA[Entering password]]>
    </line>
    <line>
      <![CDATA[Waiting for1000ms]]>
    </line>
    <line>
      <![CDATA[Clicking on submit button]]>
    </line>
    <line>
      <![CDATA[Waiting for1000ms]]>
    </line>
    <line>
      <![CDATA[Waiting for1000ms]]>
    </line>
    <line>
      <![CDATA[handling PopUp]]>
    </line>
    <line>
      <![CDATA[Clicking on OK Button of PopUp]]>
    </line>
    <line>
      <![CDATA[Waiting for1000ms]]>
    </line>
    <line>
      <![CDATA[Clicking on Close button of PopUp]]>
    </line>
    <line>
      <![CDATA[Waiting for1000ms]]>
    </line>
    <line>
      <![CDATA[getting actual user name]]>
    </line>
    <line>
      <![CDATA[Reading userName from property file]]>
    </line>
    <line>
      <![CDATA[Waiting for1000ms]]>
    </line>
    <line>
      <![CDATA[getting actual user name]]>
    </line>
    <line>
      <![CDATA[Taking Screenshot]]>
    </line>
    <line>
      <![CDATA[Waiting for1000ms]]>
    </line>
    <line>
      <![CDATA[Waiting for1000ms]]>
    </line>
    <line>
      <![CDATA[Logging out]]>
    </line>
    <line>
      <![CDATA[Waiting for1000ms]]>
    </line>
    <line>
      <![CDATA[Clicking on sign in button]]>
    </line>
    <line>
      <![CDATA[Reading mobNum from property file]]>
    </line>
    <line>
      <![CDATA[Waiting for1000ms]]>
    </line>
    <line>
      <![CDATA[Entering mobile Number]]>
    </line>
    <line>
      <![CDATA[Waiting for1000ms]]>
    </line>
    <line>
      <![CDATA[Clicking on signIn button]]>
    </line>
    <line>
      <![CDATA[Waiting for2000ms]]>
    </line>
    <line>
      <![CDATA[Reading password from property file]]>
    </line>
    <line>
      <![CDATA[Waiting for3000ms]]>
    </line>
    <line>
      <![CDATA[Entering password]]>
    </line>
    <line>
      <![CDATA[Waiting for1000ms]]>
    </line>
    <line>
      <![CDATA[Clicking on submit button]]>
    </line>
    <line>
      <![CDATA[Waiting for1000ms]]>
    </line>
    <line>
      <![CDATA[there is no PopUp]]>
    </line>
    <line>
      <![CDATA[Waiting for1000ms]]>
    </line>
    <line>
      <![CDATA[getting accBalance]]>
    </line>
    <line>
      <![CDATA[Waiting for1000ms]]>
    </line>
    <line>
      <![CDATA[getting accBalance]]>
    </line>
    <line>
      <![CDATA[AC balance is Rs.5,00,000.00]]>
    </line>
    <line>
      <![CDATA[Waiting for1000ms]]>
    </line>
    <line>
      <![CDATA[Waiting for1000ms]]>
    </line>
    <line>
      <![CDATA[Logging out]]>
    </line>
    <line>
      <![CDATA[closing Browser]]>
    </line>
  </reporter-output>
  <suite started-at="2022-12-28T17:24:14 IST" name="Suite" finished-at="2022-12-28T17:25:16 IST" duration-ms="61819">
    <groups>
    </groups>
    <test started-at="2022-12-28T17:24:14 IST" name="Test" finished-at="2022-12-28T17:25:16 IST" duration-ms="61819">
      <class name="NeoStox_Test.MultipleTestCases">
        <test-method is-config="true" signature="launchNeoStox()[pri:0, instance:NeoStox_Test.MultipleTestCases@38cee291]" started-at="2022-12-28T17:24:14 IST" name="launchNeoStox" finished-at="2022-12-28T17:24:25 IST" duration-ms="10692" status="PASS">
          <reporter-output>
            <line>
              <![CDATA[Reading URL from property file]]>
            </line>
            <line>
              <![CDATA[Launching Browser]]>
            </line>
          </reporter-output>
        </test-method> <!-- launchNeoStox -->
        <test-method is-config="true" signature="loginNeoStox()[pri:0, instance:NeoStox_Test.MultipleTestCases@38cee291]" started-at="2022-12-28T17:24:25 IST" name="loginNeoStox" finished-at="2022-12-28T17:24:41 IST" duration-ms="15951" status="PASS">
          <reporter-output>
            <line>
              <![CDATA[Waiting for1000ms]]>
            </line>
            <line>
              <![CDATA[Clicking on sign in button]]>
            </line>
            <line>
              <![CDATA[Reading mobNum from property file]]>
            </line>
            <line>
              <![CDATA[Waiting for1000ms]]>
            </line>
            <line>
              <![CDATA[Entering mobile Number]]>
            </line>
            <line>
              <![CDATA[Waiting for1000ms]]>
            </line>
            <line>
              <![CDATA[Clicking on signIn button]]>
            </line>
            <line>
              <![CDATA[Waiting for2000ms]]>
            </line>
            <line>
              <![CDATA[Reading password from property file]]>
            </line>
            <line>
              <![CDATA[Waiting for3000ms]]>
            </line>
            <line>
              <![CDATA[Entering password]]>
            </line>
            <line>
              <![CDATA[Waiting for1000ms]]>
            </line>
            <line>
              <![CDATA[Clicking on submit button]]>
            </line>
            <line>
              <![CDATA[Waiting for1000ms]]>
            </line>
            <line>
              <![CDATA[Waiting for1000ms]]>
            </line>
            <line>
              <![CDATA[handling PopUp]]>
            </line>
            <line>
              <![CDATA[Clicking on OK Button of PopUp]]>
            </line>
            <line>
              <![CDATA[Waiting for1000ms]]>
            </line>
            <line>
              <![CDATA[Clicking on Close button of PopUp]]>
            </line>
          </reporter-output>
        </test-method> <!-- loginNeoStox -->
        <test-method signature="validateUserID()[pri:-1, instance:NeoStox_Test.MultipleTestCases@38cee291]" started-at="2022-12-28T17:24:41 IST" name="validateUserID" finished-at="2022-12-28T17:24:42 IST" duration-ms="483" status="PASS">
          <reporter-output>
            <line>
              <![CDATA[Waiting for1000ms]]>
            </line>
            <line>
              <![CDATA[getting actual user name]]>
            </line>
            <line>
              <![CDATA[Reading userName from property file]]>
            </line>
            <line>
              <![CDATA[Waiting for1000ms]]>
            </line>
            <line>
              <![CDATA[getting actual user name]]>
            </line>
            <line>
              <![CDATA[Taking Screenshot]]>
            </line>
          </reporter-output>
        </test-method> <!-- validateUserID -->
        <test-method is-config="true" signature="LogOutFromNeostox()[pri:0, instance:NeoStox_Test.MultipleTestCases@38cee291]" started-at="2022-12-28T17:24:42 IST" name="LogOutFromNeostox" finished-at="2022-12-28T17:24:42 IST" duration-ms="294" status="PASS">
          <reporter-output>
            <line>
              <![CDATA[Waiting for1000ms]]>
            </line>
            <line>
              <![CDATA[Waiting for1000ms]]>
            </line>
            <line>
              <![CDATA[Logging out]]>
            </line>
          </reporter-output>
        </test-method> <!-- LogOutFromNeostox -->
        <test-method is-config="true" signature="loginNeoStox()[pri:0, instance:NeoStox_Test.MultipleTestCases@38cee291]" started-at="2022-12-28T17:24:42 IST" name="loginNeoStox" finished-at="2022-12-28T17:25:15 IST" duration-ms="33512" status="PASS">
          <reporter-output>
            <line>
              <![CDATA[Waiting for1000ms]]>
            </line>
            <line>
              <![CDATA[Clicking on sign in button]]>
            </line>
            <line>
              <![CDATA[Reading mobNum from property file]]>
            </line>
            <line>
              <![CDATA[Waiting for1000ms]]>
            </line>
            <line>
              <![CDATA[Entering mobile Number]]>
            </line>
            <line>
              <![CDATA[Waiting for1000ms]]>
            </line>
            <line>
              <![CDATA[Clicking on signIn button]]>
            </line>
            <line>
              <![CDATA[Waiting for2000ms]]>
            </line>
            <line>
              <![CDATA[Reading password from property file]]>
            </line>
            <line>
              <![CDATA[Waiting for3000ms]]>
            </line>
            <line>
              <![CDATA[Entering password]]>
            </line>
            <line>
              <![CDATA[Waiting for1000ms]]>
            </line>
            <line>
              <![CDATA[Clicking on submit button]]>
            </line>
            <line>
              <![CDATA[Waiting for1000ms]]>
            </line>
            <line>
              <![CDATA[there is no PopUp]]>
            </line>
          </reporter-output>
        </test-method> <!-- loginNeoStox -->
        <test-method signature="validateACCBalance()[pri:0, instance:NeoStox_Test.MultipleTestCases@38cee291]" started-at="2022-12-28T17:25:15 IST" name="validateACCBalance" finished-at="2022-12-28T17:25:15 IST" duration-ms="99" status="PASS">
          <reporter-output>
            <line>
              <![CDATA[Waiting for1000ms]]>
            </line>
            <line>
              <![CDATA[getting accBalance]]>
            </line>
            <line>
              <![CDATA[Waiting for1000ms]]>
            </line>
            <line>
              <![CDATA[getting accBalance]]>
            </line>
            <line>
              <![CDATA[AC balance is Rs.5,00,000.00]]>
            </line>
          </reporter-output>
        </test-method> <!-- validateACCBalance -->
        <test-method is-config="true" signature="LogOutFromNeostox()[pri:0, instance:NeoStox_Test.MultipleTestCases@38cee291]" started-at="2022-12-28T17:25:15 IST" name="LogOutFromNeostox" finished-at="2022-12-28T17:25:16 IST" duration-ms="282" status="PASS">
          <reporter-output>
            <line>
              <![CDATA[Waiting for1000ms]]>
            </line>
            <line>
              <![CDATA[Waiting for1000ms]]>
            </line>
            <line>
              <![CDATA[Logging out]]>
            </line>
          </reporter-output>
        </test-method> <!-- LogOutFromNeostox -->
        <test-method is-config="true" signature="closBrowser()[pri:0, instance:NeoStox_Test.MultipleTestCases@38cee291]" started-at="2022-12-28T17:25:16 IST" name="closBrowser" finished-at="2022-12-28T17:25:16 IST" duration-ms="389" status="PASS">
          <reporter-output>
            <line>
              <![CDATA[closing Browser]]>
            </line>
          </reporter-output>
        </test-method> <!-- closBrowser -->
      </class> <!-- NeoStox_Test.MultipleTestCases -->
    </test> <!-- Test -->
  </suite> <!-- Suite -->
</testng-results>
