<?xml version="1.0" encoding="UTF-8"?>
<testng-results ignored="0" total="2" passed="2" failed="0" skipped="0">
  <reporter-output>
    <line>
      <![CDATA[Launching Browser]]>
    </line>
    <line>
      <![CDATA[AC balance is Rs.5,00,000.00]]>
    </line>
    <line>
      <![CDATA[closing Browser]]>
    </line>
  </reporter-output>
  <suite started-at="2022-12-28T16:04:14 IST" name="Suite" finished-at="2022-12-28T16:04:59 IST" duration-ms="44950">
    <groups>
    </groups>
    <test started-at="2022-12-28T16:04:14 IST" name="Test" finished-at="2022-12-28T16:04:59 IST" duration-ms="44950">
      <class name="NeoStox_Test.MultipleTestCases">
        <test-method is-config="true" signature="launchNeoStox()[pri:0, instance:NeoStox_Test.MultipleTestCases@741a8937]" started-at="2022-12-28T16:04:14 IST" name="launchNeoStox" finished-at="2022-12-28T16:04:23 IST" duration-ms="8781" status="PASS">
          <reporter-output>
            <line>
              <![CDATA[Launching Browser]]>
            </line>
          </reporter-output>
        </test-method> <!-- launchNeoStox -->
        <test-method is-config="true" signature="loginNeoStox()[pri:0, instance:NeoStox_Test.MultipleTestCases@741a8937]" started-at="2022-12-28T16:04:23 IST" name="loginNeoStox" finished-at="2022-12-28T16:04:40 IST" duration-ms="17127" status="PASS">
          <reporter-output>
          </reporter-output>
        </test-method> <!-- loginNeoStox -->
        <test-method signature="validateUserID()[pri:-1, instance:NeoStox_Test.MultipleTestCases@741a8937]" started-at="2022-12-28T16:04:40 IST" name="validateUserID" finished-at="2022-12-28T16:04:40 IST" duration-ms="597" status="PASS">
          <reporter-output>
          </reporter-output>
        </test-method> <!-- validateUserID -->
        <test-method is-config="true" signature="LogOutFromNeostox()[pri:0, instance:NeoStox_Test.MultipleTestCases@741a8937]" started-at="2022-12-28T16:04:40 IST" name="LogOutFromNeostox" finished-at="2022-12-28T16:04:41 IST" duration-ms="385" status="PASS">
          <reporter-output>
          </reporter-output>
        </test-method> <!-- LogOutFromNeostox -->
        <test-method is-config="true" signature="loginNeoStox()[pri:0, instance:NeoStox_Test.MultipleTestCases@741a8937]" started-at="2022-12-28T16:04:41 IST" name="loginNeoStox" finished-at="2022-12-28T16:04:58 IST" duration-ms="17503" status="PASS">
          <reporter-output>
          </reporter-output>
        </test-method> <!-- loginNeoStox -->
        <test-method signature="validateACCBalance()[pri:0, instance:NeoStox_Test.MultipleTestCases@741a8937]" started-at="2022-12-28T16:04:58 IST" name="validateACCBalance" finished-at="2022-12-28T16:04:58 IST" duration-ms="61" status="PASS">
          <reporter-output>
            <line>
              <![CDATA[AC balance is Rs.5,00,000.00]]>
            </line>
          </reporter-output>
        </test-method> <!-- validateACCBalance -->
        <test-method is-config="true" signature="LogOutFromNeostox()[pri:0, instance:NeoStox_Test.MultipleTestCases@741a8937]" started-at="2022-12-28T16:04:58 IST" name="LogOutFromNeostox" finished-at="2022-12-28T16:04:58 IST" duration-ms="208" status="PASS">
          <reporter-output>
          </reporter-output>
        </test-method> <!-- LogOutFromNeostox -->
        <test-method is-config="true" signature="closBrowser()[pri:0, instance:NeoStox_Test.MultipleTestCases@741a8937]" started-at="2022-12-28T16:04:58 IST" name="closBrowser" finished-at="2022-12-28T16:04:59 IST" duration-ms="204" status="PASS">
          <reporter-output>
            <line>
              <![CDATA[closing Browser]]>
            </line>
          </reporter-output>
        </test-method> <!-- closBrowser -->
      </class> <!-- NeoStox_Test.MultipleTestCases -->
    </test> <!-- Test -->
  </suite> <!-- Suite -->
</testng-results>
